==1114674== Memcheck, a memory error detector
==1114674== Copyright (C) 2002-2017, and GNU GPL'd, by Julian Seward et al.
==1114674== Using Valgrind-3.18.1 and LibVEX; rerun with -h for copyright info
==1114674== Command: ./cub3D
==1114674== Parent PID: 1114415
==1114674== 
==1114674== 
==1114674== Process terminating with default action of signal 11 (SIGSEGV)
==1114674==  General Protection Fault
==1114674==    at 0x4B83F42: __pthread_once_slow (pthread_once.c:114)
==1114674==    by 0x4C52A52: __rpc_thread_variables (rpc_thread.c:59)
==1114674==    by 0x4CA5D8C: free_mem (in /usr/lib/x86_64-linux-gnu/libc.so.6)
==1114674==    by 0x4CA58C1: __libc_freeres (in /usr/lib/x86_64-linux-gnu/libc.so.6)
==1114674==    by 0x483F1B2: _vgnU_freeres (in /usr/libexec/valgrind/vgpreload_core-amd64-linux.so)
==1114674==    by 0x5B0187: ???
==1114674==    by 0x4B6DD3: __sanitizer::Die() (in /nfs/homes/rlarabi/Desktop/cub3d/cub3D)
==1114674==    by 0x4A2C81: __asan::InitializeShadowMemory() (in /nfs/homes/rlarabi/Desktop/cub3d/cub3D)
==1114674==    by 0x4A21BC: __asan::AsanInitInternal() (in /nfs/homes/rlarabi/Desktop/cub3d/cub3D)
==1114674==    by 0x40065BD: _dl_init (dl-init.c:102)
==1114674==    by 0x40202E9: ??? (in /usr/lib/x86_64-linux-gnu/ld-linux-x86-64.so.2)
==1114674== 
==1114674== HEAP SUMMARY:
==1114674==     in use at exit: 0 bytes in 0 blocks
==1114674==   total heap usage: 32 allocs, 32 frees, 1,065 bytes allocated
==1114674== 
==1114674== All heap blocks were freed -- no leaks are possible
==1114674== 
==1114674== For lists of detected and suppressed errors, rerun with: -s
==1114674== ERROR SUMMARY: 0 errors from 0 contexts (suppressed: 0 from 0)
